app/build/outputs/logs/manifest-merger-debug-report.txt
-- Merging decision tree log ---
manifest
ADDED from src/main/AndroidManifest.xml:2:1-102:12
	package
		ADDED from src/main/AndroidManifest.xml:3:5-41
		INJECTED from src/main/AndroidManifest.xml
		INJECTED from src/main/AndroidManifest.xml
	android:versionName
		ADDED from src/main/AndroidManifest.xml:5:5-31
		INJECTED from src/main/AndroidManifest.xml
		INJECTED from src/main/AndroidManifest.xml
	android:versionCode
		ADDED from src/main/AndroidManifest.xml:4:5-30
		INJECTED from src/main/AndroidManifest.xml
		INJECTED from src/main/AndroidManifest.xml
	xmlns:android
		ADDED from src/main/AndroidManifest.xml:2:11-69
uses-sdk
ADDED from src/main/AndroidManifest.xml:7:5-9:41
MERGED from [com.android.support.constraint:constraint-layout:1.0.2] AndroidManifest.xml:5:5-7:41
MERGED from [com.android.support:design:25.2.0] AndroidManifest.xml:21:5-23:62
MERGED from [com.android.support:transition:25.2.0] AndroidManifest.xml:20:5-44
MERGED from [com.android.support:cardview-v7:25.2.0] AndroidManifest.xml:20:5-43
MERGED from [com.android.support:recyclerview-v7:25.2.0] AndroidManifest.xml:20:5-43
MERGED from [com.github.shinelw:library:1.0.1] AndroidManifest.xml:7:5-9:41
MERGED from [com.android.support:appcompat-v7:25.2.0] AndroidManifest.xml:21:5-23:78
MERGED from [com.android.support:support-v4:25.2.0] AndroidManifest.xml:21:5-23:54
MERGED from [com.android.support:support-fragment:25.2.0] AndroidManifest.xml:21:5-23:60
MERGED from [com.android.support:support-media-compat:25.2.0] AndroidManifest.xml:21:5-23:63
MERGED from [com.android.support:support-core-ui:25.2.0] AndroidManifest.xml:21:5-23:58
MERGED from [com.android.support:support-core-utils:25.2.0] AndroidManifest.xml:21:5-23:61
MERGED from [com.android.support:animated-vector-drawable:25.2.0] AndroidManifest.xml:20:5-44
MERGED from [com.android.support:support-vector-drawable:25.2.0] AndroidManifest.xml:21:5-43
MERGED from [com.android.support:support-compat:25.2.0] AndroidManifest.xml:21:5-23:58
	tools:overrideLibrary
		ADDED from [com.android.support:design:25.2.0] AndroidManifest.xml:23:9-59
	android:targetSdkVersion
		ADDED from src/main/AndroidManifest.xml:9:9-38
		INJECTED from src/main/AndroidManifest.xml
		INJECTED from src/main/AndroidManifest.xml
	android:minSdkVersion
		ADDED from src/main/AndroidManifest.xml:8:9-35
		INJECTED from src/main/AndroidManifest.xml
		INJECTED from src/main/AndroidManifest.xml
uses-permission#android.permission.BLUETOOTH
ADDED from src/main/AndroidManifest.xml:11:5-68
	android:name
		ADDED from src/main/AndroidManifest.xml:11:22-65
uses-permission#android.permission.BLUETOOTH_ADMIN
ADDED from src/main/AndroidManifest.xml:12:5-74
	android:name
		ADDED from src/main/AndroidManifest.xml:12:22-71
uses-permission#android.permission.READ_EXTERNAL_STORAGE
ADDED from src/main/AndroidManifest.xml:13:5-80
	android:name
		ADDED from src/main/AndroidManifest.xml:13:22-77
uses-permission#android.permission.INTERNET
ADDED from src/main/AndroidManifest.xml:14:5-67
	android:name
		ADDED from src/main/AndroidManifest.xml:14:22-64
uses-feature#android.hardware.bluetooth
ADDED from src/main/AndroidManifest.xml:16:5-18:35
	android:required
		ADDED from src/main/AndroidManifest.xml:18:9-32
	android:name
		ADDED from src/main/AndroidManifest.xml:17:9-50
uses-feature#android.hardware.bluetooth_le
ADDED from src/main/AndroidManifest.xml:19:5-21:35
	android:required
		ADDED from src/main/AndroidManifest.xml:21:9-32
	android:name
		ADDED from src/main/AndroidManifest.xml:20:9-53
uses-permission#android.permission.WRITE_EXTERNAL_STORAGE
ADDED from src/main/AndroidManifest.xml:23:5-81
	android:name
		ADDED from src/main/AndroidManifest.xml:23:22-78
uses-permission#android.permission.READ_PHONE_STATE
ADDED from src/main/AndroidManifest.xml:24:5-75
	android:name
		ADDED from src/main/AndroidManifest.xml:24:22-72
application
ADDED from src/main/AndroidManifest.xml:26:5-100:19
MERGED from [com.android.support.constraint:constraint-layout:1.0.2] AndroidManifest.xml:9:5-20
MERGED from [com.android.support:design:25.2.0] AndroidManifest.xml:25:5-20
MERGED from [com.android.support:transition:25.2.0] AndroidManifest.xml:22:5-20
MERGED from [com.android.support:cardview-v7:25.2.0] AndroidManifest.xml:22:5-20
MERGED from [com.github.shinelw:library:1.0.1] AndroidManifest.xml:11:5-15:19
MERGED from [com.android.support:appcompat-v7:25.2.0] AndroidManifest.xml:25:5-20
MERGED from [com.android.support:support-v4:25.2.0] AndroidManifest.xml:25:5-20
MERGED from [com.android.support:support-fragment:25.2.0] AndroidManifest.xml:25:5-20
MERGED from [com.android.support:support-media-compat:25.2.0] AndroidManifest.xml:25:5-20
MERGED from [com.android.support:support-core-ui:25.2.0] AndroidManifest.xml:25:5-20
MERGED from [com.android.support:support-core-utils:25.2.0] AndroidManifest.xml:25:5-20
MERGED from [com.android.support:animated-vector-drawable:25.2.0] AndroidManifest.xml:22:5-20
MERGED from [com.android.support:support-vector-drawable:25.2.0] AndroidManifest.xml:23:5-20
MERGED from [com.android.support:support-compat:25.2.0] AndroidManifest.xml:25:5-20
	android:label
		ADDED from src/main/AndroidManifest.xml:29:9-41
	android:supportsRtl
		ADDED from [com.github.shinelw:library:1.0.1] AndroidManifest.xml:14:9-35
	android:hardwareAccelerated
		ADDED from src/main/AndroidManifest.xml:28:9-43
	android:allowBackup
		ADDED from src/main/AndroidManifest.xml:27:9-35
	android:icon
		ADDED from src/main/AndroidManifest.xml:30:9-45
	android:largeHeap
		ADDED from src/main/AndroidManifest.xml:31:9-33
	android:theme
		ADDED from src/main/AndroidManifest.xml:32:9-40
activity#com.iotlyca.app.wicedsense.RegisterActivity
ADDED from src/main/AndroidManifest.xml:43:9-53:20
	android:screenOrientation
		ADDED from src/main/AndroidManifest.xml:47:13-49
	android:label
		ADDED from src/main/AndroidManifest.xml:45:13-45
	android:theme
		ADDED from src/main/AndroidManifest.xml:46:13-60
	android:name
		ADDED from src/main/AndroidManifest.xml:44:13-45
intent-filter#android.intent.action.MAIN+android.intent.category.LAUNCHER
ADDED from src/main/AndroidManifest.xml:48:13-52:29
action#android.intent.action.MAIN
ADDED from src/main/AndroidManifest.xml:49:17-69
	android:name
		ADDED from src/main/AndroidManifest.xml:49:25-66
category#android.intent.category.LAUNCHER
ADDED from src/main/AndroidManifest.xml:51:17-77
	android:name
		ADDED from src/main/AndroidManifest.xml:51:27-74
activity#com.iotlyca.app.wicedsense.ProfileActivity
ADDED from src/main/AndroidManifest.xml:55:9-65:20
	android:screenOrientation
		ADDED from src/main/AndroidManifest.xml:59:13-49
	android:label
		ADDED from src/main/AndroidManifest.xml:57:13-45
	android:theme
		ADDED from src/main/AndroidManifest.xml:58:13-60
	android:name
		ADDED from src/main/AndroidManifest.xml:56:13-70
activity#com.iotlyca.app.wicedsense.ExerciseSelectActivity
ADDED from src/main/AndroidManifest.xml:67:9-73:20
	android:screenOrientation
		ADDED from src/main/AndroidManifest.xml:72:13-49
	android:label
		ADDED from src/main/AndroidManifest.xml:69:13-45
	android:parentActivityName
		ADDED from src/main/AndroidManifest.xml:71:13-84
	android:theme
		ADDED from src/main/AndroidManifest.xml:70:13-51
	android:name
		ADDED from src/main/AndroidManifest.xml:68:13-77
activity#com.iotlyca.app.wicedsense.MainActivity
ADDED from src/main/AndroidManifest.xml:75:9-88:20
	android:screenOrientation
		ADDED from src/main/AndroidManifest.xml:80:13-49
	android:label
		ADDED from src/main/AndroidManifest.xml:77:13-45
	android:parentActivityName
		ADDED from src/main/AndroidManifest.xml:78:13-91
	android:theme
		ADDED from src/main/AndroidManifest.xml:79:13-51
	android:name
		ADDED from src/main/AndroidManifest.xml:76:13-67
activity#com.iotlyca.app.ledevicepicker.DevicePickerActivity
ADDED from src/main/AndroidManifest.xml:90:9-96:20
	android:label
		ADDED from src/main/AndroidManifest.xml:93:13-45
	android:excludeFromRecents
		ADDED from src/main/AndroidManifest.xml:92:13-46
	android:launchMode
		ADDED from src/main/AndroidManifest.xml:94:13-48
	android:theme
		ADDED from src/main/AndroidManifest.xml:95:13-59
	android:name
		ADDED from src/main/AndroidManifest.xml:91:13-79
service#com.iotlyca.app.wicedsense.SenseManager
ADDED from src/main/AndroidManifest.xml:98:9-83
	android:name
		ADDED from src/main/AndroidManifest.xml:98:18-72